2023-09-24 12:37:32,989 [+] pydumpck is a multi-threads tool for decompile exe,elf,pyz,pyc packed by python which is base on pycdc and uncompyle6.sometimes its py-file result not exactly right ,maybe could use uncompyle6.
--------------------
pydumpck initilizing with 1.16.3 :pyinstaller_dump.py:115-20  C:\Users\Anugrah  Wiradhika F\AppData\Local\Programs\Python\Python310\lib\site-packages\pydumpck\pyinstaller_dump.py on(pyinstaller_dump.run) at 10424@MainThread  
2023-09-24 12:37:32,991 [*] plugins loaded with ['pycdc'] :__init__.py:155-10  C:\Users\Anugrah  Wiradhika F\AppData\Local\Programs\Python\Python310\lib\site-packages\pydumpck\py_common_dump\__init__.py on(__init__.load_plugins) at 10424@MainThread  
2023-09-24 12:37:32,993 [*] target file input:decrypt-obs.pyc
to:output_6353682 :__init__.py:190-10  C:\Users\Anugrah  Wiradhika F\AppData\Local\Programs\Python\Python310\lib\site-packages\pydumpck\py_common_dump\__init__.py on(__init__.main) at 10424@MainThread  
2023-09-24 12:37:32,993 [*] start dump target file. type:pyc :__init__.py:203-10  C:\Users\Anugrah  Wiradhika F\AppData\Local\Programs\Python\Python310\lib\site-packages\pydumpck\py_common_dump\__init__.py on(__init__.main) at 10424@MainThread  
2023-09-24 12:37:36,003 [+] find suitable python-version:(3, 10),magic:3439 :__init__.py:41-20  C:\Users\Anugrah  Wiradhika F\AppData\Local\Programs\Python\Python310\lib\site-packages\pydumpck\pyc_checker\pyc\__init__.py on(__init__.check_marshal) at 10424@MainThread  
2023-09-24 12:37:42,867 [!] decompile bytecode by pycdc fail,file:output_6353682\decrypt-obs.pyc,with error:None :__init__.py:65-30  C:\Users\Anugrah  Wiradhika F\AppData\Local\Programs\Python\Python310\lib\site-packages\pydumpck\pyc_checker\__init__.py on(__init__.exec_pycdc) at 10424@MainThread  
2023-09-24 12:37:42,869 [+] decompile bytecode on file:output_6353682\decrypt-obs.pyc,length:20 :__init__.py:38-20  C:\Users\Anugrah  Wiradhika F\AppData\Local\Programs\Python\Python310\lib\site-packages\pydumpck\py_package\package_struct\__init__.py on(__init__.decompile_pyc) at 10424@MainThread  
2023-09-24 12:37:42,871 [+] completed,cost 9881ms with result:pyc file handled:output_6353682\decrypt-obs.pyc :__init__.py:167-20  C:\Users\Anugrah  Wiradhika F\AppData\Local\Programs\Python\Python310\lib\site-packages\pydumpck\py_common_dump\__init__.py on(__init__.statistics_status) at 10424@MainThread  
2023-09-24 12:37:57,515 [+] pydumpck is a multi-threads tool for decompile exe,elf,pyz,pyc packed by python which is base on pycdc and uncompyle6.sometimes its py-file result not exactly right ,maybe could use uncompyle6.
--------------------
pydumpck initilizing with 1.16.3 :pyinstaller_dump.py:115-20  C:\Users\Anugrah  Wiradhika F\AppData\Local\Programs\Python\Python310\lib\site-packages\pydumpck\pyinstaller_dump.py on(pyinstaller_dump.run) at 27400@MainThread  
2023-09-24 12:37:57,518 [*] plugins loaded with ['pycdc'] :__init__.py:155-10  C:\Users\Anugrah  Wiradhika F\AppData\Local\Programs\Python\Python310\lib\site-packages\pydumpck\py_common_dump\__init__.py on(__init__.load_plugins) at 27400@MainThread  
2023-09-24 12:37:57,519 [*] target file input:decrypt-obs.pyc
to:output_5355700 :__init__.py:190-10  C:\Users\Anugrah  Wiradhika F\AppData\Local\Programs\Python\Python310\lib\site-packages\pydumpck\py_common_dump\__init__.py on(__init__.main) at 27400@MainThread  
2023-09-24 12:37:57,520 [*] start dump target file. type:pyc :__init__.py:203-10  C:\Users\Anugrah  Wiradhika F\AppData\Local\Programs\Python\Python310\lib\site-packages\pydumpck\py_common_dump\__init__.py on(__init__.main) at 27400@MainThread  
2023-09-24 12:38:00,535 [+] find suitable python-version:(3, 10),magic:3439 :__init__.py:41-20  C:\Users\Anugrah  Wiradhika F\AppData\Local\Programs\Python\Python310\lib\site-packages\pydumpck\pyc_checker\pyc\__init__.py on(__init__.check_marshal) at 27400@MainThread  
2023-09-24 12:38:02,270 [!] decompile bytecode by pycdc fail,file:output_5355700\decrypt-obs.pyc,with error:None :__init__.py:65-30  C:\Users\Anugrah  Wiradhika F\AppData\Local\Programs\Python\Python310\lib\site-packages\pydumpck\pyc_checker\__init__.py on(__init__.exec_pycdc) at 27400@MainThread  
2023-09-24 12:38:02,273 [+] decompile bytecode on file:output_5355700\decrypt-obs.pyc,length:20 :__init__.py:38-20  C:\Users\Anugrah  Wiradhika F\AppData\Local\Programs\Python\Python310\lib\site-packages\pydumpck\py_package\package_struct\__init__.py on(__init__.decompile_pyc) at 27400@MainThread  
2023-09-24 12:38:02,274 [+] completed,cost 4756ms with result:pyc file handled:output_5355700\decrypt-obs.pyc :__init__.py:167-20  C:\Users\Anugrah  Wiradhika F\AppData\Local\Programs\Python\Python310\lib\site-packages\pydumpck\py_common_dump\__init__.py on(__init__.statistics_status) at 27400@MainThread  
